Log file open, 04/27/18 21:35:43
LogWindows: Failed to load 'aqProf.dll' (GetLastError=126)
LogWindows: File 'aqProf.dll' does not exist
LogWindows: Failed to load 'VtuneApi.dll' (GetLastError=126)
LogWindows: File 'VtuneApi.dll' does not exist
LogWindows: Failed to load 'VtuneApi32e.dll' (GetLastError=126)
LogWindows: File 'VtuneApi32e.dll' does not exist
LogInit: Display: Running engine for game: MyProject
LogPlatformFile: Not using cached read wrapper
LogInit: Display: RandInit(-2141760309) SRandInit(-2141760309).
LogInit: Read version file with build ID '3944462'
LogInit: Overriding engine version to CL 3989454, compatible CL 3944462
LogInit: Registered custom module enumerator with build ID '3944462'
LogTaskGraph: Started task graph with 5 named threads and 14 total threads with 3 sets of task threads.
LogStats: Stats thread started at 0.191278
LogD3D11RHI: Aftermath initialized
LogICUInternationalization: Display: ICU TimeZone Detection - Raw Offset: +3:00, Platform Override: ''
LogModuleManager: Display: Found up-to-date module file ../../../Engine/Plugins/2D/Paper2D/Binaries/Win64/UE4Editor-Paper2D.dll (API version 3944462).
LogModuleManager: Display: Found up-to-date module file ../../../Engine/Plugins/2D/Paper2D/Binaries/Win64/UE4Editor-Paper2DEditor.dll (API version 3944462).
LogModuleManager: Display: Found up-to-date module file ../../../Engine/Plugins/2D/Paper2D/Binaries/Win64/UE4Editor-PaperSpriteSheetImporter.dll (API version 3944462).
LogModuleManager: Display: Found up-to-date module file ../../../Engine/Plugins/2D/Paper2D/Binaries/Win64/UE4Editor-PaperTiledImporter.dll (API version 3944462).
LogModuleManager: Display: Found up-to-date module file ../../../Engine/Plugins/2D/Paper2D/Binaries/Win64/UE4Editor-SmartSnapping.dll (API version 3944462).
LogModuleManager: Display: Found up-to-date module file ../../../Engine/Plugins/Blendables/LightPropagationVolume/Binaries/Win64/UE4Editor-LightPropagationVolumeRuntime.dll (API version 3944462).
LogModuleManager: Display: Found up-to-date module file ../../../Engine/Plugins/Blendables/LightPropagationVolume/Binaries/Win64/UE4Editor-LightPropagationVolumeEditor.dll (API version 3944462).
LogModuleManager: Display: Found up-to-date module file ../../../Engine/Plugins/Developer/CLionSourceCodeAccess/Binaries/Win64/UE4Editor-CLionSourceCodeAccess.dll (API version 3944462).
LogModuleManager: Display: Found up-to-date module file ../../../Engine/Plugins/Developer/GitSourceControl/Binaries/Win64/UE4Editor-GitSourceControl.dll (API version 3944462).
LogModuleManager: Display: Found up-to-date module file ../../../Engine/Plugins/Developer/PerforceSourceControl/Binaries/Win64/UE4Editor-PerforceSourceControl.dll (API version 3944462).
LogModuleManager: Display: Found up-to-date module file ../../../Engine/Plugins/Developer/SubversionSourceControl/Binaries/Win64/UE4Editor-SubversionSourceControl.dll (API version 3944462).
LogModuleManager: Display: Found up-to-date module file ../../../Engine/Plugins/Developer/UObjectPlugin/Binaries/Win64/UE4Editor-UObjectPlugin.dll (API version 3944462).
LogModuleManager: Display: Found up-to-date module file ../../../Engine/Plugins/Developer/VisualStudioCodeSourceCodeAccess/Binaries/Win64/UE4Editor-VisualStudioCodeSourceCodeAccess.dll (API version 3944462).
LogModuleManager: Display: Found up-to-date module file ../../../Engine/Plugins/Developer/VisualStudioSourceCodeAccess/Binaries/Win64/UE4Editor-VisualStudioSourceCodeAccess.dll (API version 3944462).
LogModuleManager: Display: Found up-to-date module file ../../../Engine/Plugins/Editor/AssetManagerEditor/Binaries/Win64/UE4Editor-AssetManagerEditor.dll (API version 3944462).
LogModuleManager: Display: Found up-to-date module file ../../../Engine/Plugins/Editor/CryptoKeys/Binaries/Win64/UE4Editor-CryptoKeys.dll (API version 3944462).
LogModuleManager: Display: Found up-to-date module file ../../../Engine/Plugins/Editor/CryptoKeys/Binaries/Win64/UE4Editor-CryptoKeysOpenSSL.dll (API version 3944462).
LogModuleManager: Display: Found up-to-date module file ../../../Engine/Plugins/Editor/DataValidation/Binaries/Win64/UE4Editor-DataValidation.dll (API version 3944462).
LogModuleManager: Display: Found up-to-date module file ../../../Engine/Plugins/Editor/FacialAnimation/Binaries/Win64/UE4Editor-FacialAnimation.dll (API version 3944462).
LogModuleManager: Display: Found up-to-date module file ../../../Engine/Plugins/Editor/FacialAnimation/Binaries/Win64/UE4Editor-FacialAnimationEditor.dll (API version 3944462).
LogModuleManager: Display: Found up-to-date module file ../../../Engine/Plugins/Editor/GameplayTagsEditor/Binaries/Win64/UE4Editor-GameplayTagsEditor.dll (API version 3944462).
LogModuleManager: Display: Found up-to-date module file ../../../Engine/Plugins/Editor/MobileLauncherProfileWizard/Binaries/Win64/UE4Editor-MobileLauncherProfileWizard.dll (API version 3944462).
LogModuleManager: Display: Found up-to-date module file ../../../Engine/Plugins/Editor/PluginBrowser/Binaries/Win64/UE4Editor-PluginBrowser.dll (API version 3944462).
LogModuleManager: Display: Found up-to-date module file ../../../Engine/Plugins/Editor/SpeedTreeImporter/Binaries/Win64/UE4Editor-SpeedTreeImporter.dll (API version 3944462).
LogModuleManager: Display: Found up-to-date module file ../../../Engine/Plugins/Enterprise/DatasmithContent/Binaries/Win64/UE4Editor-DatasmithContent.dll (API version 3944462).
LogModuleManager: Display: Found up-to-date module file ../../../Engine/Plugins/Experimental/AlembicImporter/Binaries/Win64/UE4Editor-AlembicImporter.dll (API version 3944462).
LogModuleManager: Display: Found up-to-date module file ../../../Engine/Plugins/Experimental/AlembicImporter/Binaries/Win64/UE4Editor-AlembicLibrary.dll (API version 3944462).
LogModuleManager: Display: Found up-to-date module file ../../../Engine/Plugins/Experimental/CharacterAI/Binaries/Win64/UE4Editor-CharacterAI.dll (API version 3944462).
LogModuleManager: Display: Found up-to-date module file ../../../Engine/Plugins/Experimental/HTML5Networking/Binaries/Win64/UE4Editor-HTML5Networking.dll (API version 3944462).
LogModuleManager: Display: Found up-to-date module file ../../../Engine/Plugins/Media/AndroidMedia/Binaries/Win64/UE4Editor-AndroidMediaEditor.dll (API version 3944462).
LogModuleManager: Display: Found up-to-date module file ../../../Engine/Plugins/Media/AndroidMedia/Binaries/Win64/UE4Editor-AndroidMediaFactory.dll (API version 3944462).
LogModuleManager: Display: Found up-to-date module file ../../../Engine/Plugins/Media/AvfMedia/Binaries/Win64/UE4Editor-AvfMediaEditor.dll (API version 3944462).
LogModuleManager: Display: Found up-to-date module file ../../../Engine/Plugins/Media/AvfMedia/Binaries/Win64/UE4Editor-AvfMediaFactory.dll (API version 3944462).
LogModuleManager: Display: Found up-to-date module file ../../../Engine/Plugins/Media/AvfMedia/Binaries/Win64/UE4Editor-AvfMediaFactory.dll (API version 3944462).
LogModuleManager: Display: Found up-to-date module file ../../../Engine/Plugins/Media/ImgMedia/Binaries/Win64/UE4Editor-ImgMedia.dll (API version 3944462).
LogModuleManager: Display: Found up-to-date module file ../../../Engine/Plugins/Media/ImgMedia/Binaries/Win64/UE4Editor-ImgMediaEditor.dll (API version 3944462).
LogModuleManager: Display: Found up-to-date module file ../../../Engine/Plugins/Media/ImgMedia/Binaries/Win64/UE4Editor-ImgMediaFactory.dll (API version 3944462).
LogModuleManager: Display: Found up-to-date module file ../../../Engine/Plugins/Media/ImgMedia/Binaries/Win64/UE4Editor-ImgMediaFactory.dll (API version 3944462).
LogModuleManager: Display: Found up-to-date module file ../../../Engine/Plugins/Media/ImgMedia/Binaries/Win64/UE4Editor-OpenExrWrapper.dll (API version 3944462).
LogModuleManager: Display: Found up-to-date module file ../../../Engine/Plugins/Media/LinearTimecode/Binaries/Win64/UE4Editor-LinearTimecode.dll (API version 3944462).
LogModuleManager: Display: Found up-to-date module file ../../../Engine/Plugins/Media/MediaCompositing/Binaries/Win64/UE4Editor-MediaCompositing.dll (API version 3944462).
LogModuleManager: Display: Found up-to-date module file ../../../Engine/Plugins/Media/MediaCompositing/Binaries/Win64/UE4Editor-MediaCompositingEditor.dll (API version 3944462).
LogModuleManager: Display: Found up-to-date module file ../../../Engine/Plugins/Media/MediaPlayerEditor/Binaries/Win64/UE4Editor-MediaPlayerEditor.dll (API version 3944462).
LogModuleManager: Display: Found up-to-date module file ../../../Engine/Plugins/Media/WmfMedia/Binaries/Win64/UE4Editor-WmfMedia.dll (API version 3944462).
LogModuleManager: Display: Found up-to-date module file ../../../Engine/Plugins/Media/WmfMedia/Binaries/Win64/UE4Editor-WmfMediaEditor.dll (API version 3944462).
LogModuleManager: Display: Found up-to-date module file ../../../Engine/Plugins/Media/WmfMedia/Binaries/Win64/UE4Editor-WmfMediaFactory.dll (API version 3944462).
LogModuleManager: Display: Found up-to-date module file ../../../Engine/Plugins/Media/WmfMedia/Binaries/Win64/UE4Editor-WmfMediaFactory.dll (API version 3944462).
LogModuleManager: Display: Found up-to-date module file ../../../Engine/Plugins/Messaging/TcpMessaging/Binaries/Win64/UE4Editor-TcpMessaging.dll (API version 3944462).
LogModuleManager: Display: Found up-to-date module file ../../../Engine/Plugins/Messaging/UdpMessaging/Binaries/Win64/UE4Editor-UdpMessaging.dll (API version 3944462).
LogModuleManager: Display: Found up-to-date module file ../../../Engine/Plugins/MovieScene/ActorSequence/Binaries/Win64/UE4Editor-ActorSequence.dll (API version 3944462).
LogModuleManager: Display: Found up-to-date module file ../../../Engine/Plugins/MovieScene/LevelSequenceEditor/Binaries/Win64/UE4Editor-LevelSequenceEditor.dll (API version 3944462).
LogModuleManager: Display: Found up-to-date module file ../../../Engine/Plugins/MovieScene/MatineeToLevelSequence/Binaries/Win64/UE4Editor-MatineeToLevelSequence.dll (API version 3944462).
LogModuleManager: Display: Found up-to-date module file ../../../Engine/Plugins/NetcodeUnitTest/NetcodeUnitTest/Binaries/Win64/UE4Editor-NetcodeUnitTest.dll (API version 3944462).
LogModuleManager: Display: Found up-to-date module file ../../../Engine/Plugins/NetcodeUnitTest/NUTUnrealEngine4/Binaries/Win64/UE4Editor-NUTUnrealEngine4.dll (API version 3944462).
LogModuleManager: Display: Found up-to-date module file ../../../Engine/Plugins/Online/OnlineSubsystem/Binaries/Win64/UE4Editor-OnlineSubsystem.dll (API version 3944462).
LogModuleManager: Display: Found up-to-date module file ../../../Engine/Plugins/Runtime/AndroidPermission/Binaries/Win64/UE4Editor-AndroidPermission.dll (API version 3944462).
LogModuleManager: Display: Found up-to-date module file ../../../Engine/Plugins/Online/OnlineSubsystemNull/Binaries/Win64/UE4Editor-OnlineSubsystemNull.dll (API version 3944462).
LogModuleManager: Display: Found up-to-date module file ../../../Engine/Plugins/Online/OnlineSubsystemUtils/Binaries/Win64/UE4Editor-OnlineSubsystemUtils.dll (API version 3944462).
LogModuleManager: Display: Found up-to-date module file ../../../Engine/Plugins/Online/OnlineSubsystemUtils/Binaries/Win64/UE4Editor-OnlineBlueprintSupport.dll (API version 3944462).
LogModuleManager: Display: Found up-to-date module file ../../../Engine/Plugins/Runtime/AndroidDeviceProfileSelector/Binaries/Win64/UE4Editor-AndroidDeviceProfileSelector.dll (API version 3944462).
LogModuleManager: Display: Found up-to-date module file ../../../Engine/Plugins/Runtime/AppleARKit/Binaries/Win64/UE4Editor-AppleARKit.dll (API version 3944462).
LogModuleManager: Display: Found up-to-date module file ../../../Engine/Plugins/Runtime/ProceduralMeshComponent/Binaries/Win64/UE4Editor-ProceduralMeshComponent.dll (API version 3944462).
LogModuleManager: Display: Found up-to-date module file ../../../Engine/Plugins/Runtime/ProceduralMeshComponent/Binaries/Win64/UE4Editor-ProceduralMeshComponentEditor.dll (API version 3944462).
LogModuleManager: Display: Found up-to-date module file ../../../Engine/Plugins/Animation/LiveLink/Binaries/Win64/UE4Editor-LiveLink.dll (API version 3944462).
LogModuleManager: Display: Found up-to-date module file ../../../Engine/Plugins/Animation/LiveLink/Binaries/Win64/UE4Editor-LiveLinkEditor.dll (API version 3944462).
LogModuleManager: Display: Found up-to-date module file ../../../Engine/Plugins/Runtime/ArchVisCharacter/Binaries/Win64/UE4Editor-ArchVisCharacter.dll (API version 3944462).
LogModuleManager: Display: Found up-to-date module file ../../../Engine/Plugins/Runtime/AudioCapture/Binaries/Win64/UE4Editor-AudioCapture.dll (API version 3944462).
LogModuleManager: Display: Found up-to-date module file ../../../Engine/Plugins/Runtime/AudioCapture/Binaries/Win64/UE4Editor-AudioCaptureEditor.dll (API version 3944462).
LogModuleManager: Display: Found up-to-date module file ../../../Engine/Plugins/Runtime/CableComponent/Binaries/Win64/UE4Editor-CableComponent.dll (API version 3944462).
LogModuleManager: Display: Found up-to-date module file ../../../Engine/Plugins/Runtime/CustomMeshComponent/Binaries/Win64/UE4Editor-CustomMeshComponent.dll (API version 3944462).
LogModuleManager: Display: Found up-to-date module file ../../../Engine/Plugins/Runtime/ExampleDeviceProfileSelector/Binaries/Win64/UE4Editor-ExampleDeviceProfileSelector.dll (API version 3944462).
LogModuleManager: Display: Found up-to-date module file ../../../Engine/Plugins/Runtime/ImmediatePhysics/Binaries/Win64/UE4Editor-ImmediatePhysics.dll (API version 3944462).
LogModuleManager: Display: Found up-to-date module file ../../../Engine/Plugins/Runtime/ImmediatePhysics/Binaries/Win64/UE4Editor-ImmediatePhysicsEditor.dll (API version 3944462).
LogModuleManager: Display: Found up-to-date module file ../../../Engine/Plugins/Runtime/LocationServicesBPLibrary/Binaries/Win64/UE4Editor-LocationServicesBPLibrary.dll (API version 3944462).
LogModuleManager: Display: Found up-to-date module file ../../../Engine/Plugins/Runtime/MobilePatchingUtils/Binaries/Win64/UE4Editor-MobilePatchingUtils.dll (API version 3944462).
LogModuleManager: Display: Found up-to-date module file ../../../Engine/Plugins/Runtime/Oculus/OculusVR/Binaries/Win64/UE4Editor-OculusHMD.dll (API version 3944462).
LogModuleManager: Display: Found up-to-date module file ../../../Engine/Plugins/Runtime/Oculus/OculusVR/Binaries/Win64/UE4Editor-OculusInput.dll (API version 3944462).
LogModuleManager: Display: Found up-to-date module file ../../../Engine/Plugins/Runtime/Oculus/OculusVR/Binaries/Win64/UE4Editor-OculusEditor.dll (API version 3944462).
LogModuleManager: Display: Found up-to-date module file ../../../Engine/Plugins/Runtime/PhysXVehicles/Binaries/Win64/UE4Editor-PhysXVehicles.dll (API version 3944462).
LogModuleManager: Display: Found up-to-date module file ../../../Engine/Plugins/Runtime/PhysXVehicles/Binaries/Win64/UE4Editor-PhysXVehiclesEditor.dll (API version 3944462).
LogModuleManager: Display: Found up-to-date module file ../../../Engine/Plugins/Runtime/RuntimePhysXCooking/Binaries/Win64/UE4Editor-RuntimePhysXCooking.dll (API version 3944462).
LogModuleManager: Display: Found up-to-date module file ../../../Engine/Plugins/Runtime/Steam/SteamVR/Binaries/Win64/UE4Editor-SteamVR.dll (API version 3944462).
LogModuleManager: Display: Found up-to-date module file ../../../Engine/Plugins/Runtime/Steam/SteamVR/Binaries/Win64/UE4Editor-SteamVRController.dll (API version 3944462).
LogModuleManager: Display: Found up-to-date module file ../../../Engine/Plugins/Runtime/WindowsMoviePlayer/Binaries/Win64/UE4Editor-WindowsMoviePlayer.dll (API version 3944462).
LogPluginManager: Mounting plugin Paper2D
LogPluginManager: Mounting plugin LiveLink
LogPluginManager: Mounting plugin LightPropagationVolume
LogPluginManager: Mounting plugin CLionSourceCodeAccess
LogPluginManager: Mounting plugin CodeLiteSourceCodeAccess
LogPluginManager: Mounting plugin GitSourceControl
LogPluginManager: Mounting plugin KDevelopSourceCodeAccess
LogPluginManager: Mounting plugin NullSourceCodeAccess
LogPluginManager: Mounting plugin PerforceSourceControl
LogPluginManager: Mounting plugin SubversionSourceControl
LogPluginManager: Mounting plugin UObjectPlugin
LogPluginManager: Mounting plugin VisualStudioCodeSourceCodeAccess
LogPluginManager: Mounting plugin VisualStudioSourceCodeAccess
LogPluginManager: Mounting plugin XCodeSourceCodeAccess
LogPluginManager: Mounting plugin AssetManagerEditor
LogPluginManager: Mounting plugin CryptoKeys
LogPluginManager: Mounting plugin DataValidation
LogPluginManager: Mounting plugin FacialAnimation
LogPluginManager: Mounting plugin GameplayTagsEditor
LogPluginManager: Mounting plugin MobileLauncherProfileWizard
LogPluginManager: Mounting plugin PluginBrowser
LogPluginManager: Mounting plugin SpeedTreeImporter
LogPluginManager: Mounting plugin DatasmithContent
LogPluginManager: Mounting plugin AlembicImporter
LogPluginManager: Mounting plugin CharacterAI
LogPluginManager: Mounting plugin HTML5Networking
LogPluginManager: Mounting plugin AndroidMedia
LogPluginManager: Mounting plugin AvfMedia
LogPluginManager: Mounting plugin ImgMedia
LogPluginManager: Mounting plugin LinearTimecode
LogPluginManager: Mounting plugin MediaCompositing
LogPluginManager: Mounting plugin MediaPlayerEditor
LogPluginManager: Mounting plugin WmfMedia
LogPluginManager: Mounting plugin TcpMessaging
LogPluginManager: Mounting plugin UdpMessaging
LogPluginManager: Mounting plugin ActorSequence
LogPluginManager: Mounting plugin LevelSequenceEditor
LogPluginManager: Mounting plugin MatineeToLevelSequence
LogPluginManager: Mounting plugin NetcodeUnitTest
LogPluginManager: Mounting plugin NUTUnrealEngine4
LogPluginManager: Mounting plugin OnlineSubsystemGooglePlay
LogPluginManager: Mounting plugin OnlineSubsystemIOS
LogPluginManager: Mounting plugin OnlineSubsystem
LogPluginManager: Mounting plugin OnlineSubsystemNull
LogPluginManager: Mounting plugin OnlineSubsystemUtils
LogPluginManager: Mounting plugin AndroidDeviceProfileSelector
LogPluginManager: Mounting plugin AndroidMoviePlayer
LogPluginManager: Mounting plugin AndroidPermission
LogPluginManager: Mounting plugin AppleARKit
LogPluginManager: Mounting plugin AppleMoviePlayer
LogPluginManager: Mounting plugin ArchVisCharacter
LogPluginManager: Mounting plugin AudioCapture
LogPluginManager: Mounting plugin CableComponent
LogPluginManager: Mounting plugin CustomMeshComponent
LogPluginManager: Mounting plugin ExampleDeviceProfileSelector
LogPluginManager: Mounting plugin GoogleCloudMessaging
LogPluginManager: Mounting plugin ImmediatePhysics
LogPluginManager: Mounting plugin IOSDeviceProfileSelector
LogPluginManager: Mounting plugin LinuxDeviceProfileSelector
LogPluginManager: Mounting plugin LocationServicesBPLibrary
LogPluginManager: Mounting plugin MobilePatchingUtils
LogPluginManager: Mounting plugin OculusVR
LogPluginManager: Plugin shader directory ../../../Engine/Plugins/Runtime/Oculus/OculusVR/Shaders found
LogPluginManager: Mapping shader source directory ../../../Engine/Plugins/Runtime/Oculus/OculusVR/Shaders to virtual directory /Plugin/OculusVR
LogPluginManager: Mounting plugin PhysXVehicles
LogPluginManager: Mounting plugin ProceduralMeshComponent
LogPluginManager: Mounting plugin RuntimePhysXCooking
LogPluginManager: Mounting plugin SteamVR
LogPluginManager: Mounting plugin WindowsMoviePlayer
LogStreaming: Display: Took  0.911s to configure plugins.
LogInit: Using libcurl 7.47.1
LogInit:  - built for x86_64-pc-win32
LogInit:  - supports SSL with OpenSSL/1.0.2g
LogInit:  - supports HTTP deflate (compression) using libz 1.2.8
LogInit:  - other features:
LogInit:      CURL_VERSION_SSL
LogInit:      CURL_VERSION_LIBZ
LogInit:      CURL_VERSION_IPV6
LogInit:      CURL_VERSION_ASYNCHDNS
LogInit:      CURL_VERSION_LARGEFILE
LogInit:      CURL_VERSION_IDN
LogInit:  CurlRequestOptions (configurable via config and command line):
LogInit:  - bVerifyPeer = false  - Libcurl will NOT verify peer certificate
LogInit:  - bUseHttpProxy = false  - Libcurl will NOT use HTTP proxy
LogInit:  - bDontReuseConnections = false  - Libcurl will reuse connections
LogInit:  - CertBundlePath = nullptr  - Libcurl will use whatever was configured at build time.
LogInit:  - MaxHostConnections = 16  - Libcurl will limit the number of connections to a host
LogInit:  - LocalHostAddr = Default
LogInit: WinSock: version 1.1 (2.2), MaxSocks=32767, MaxUdp=65467
LogInit: WinSock: I am DESKTOP-S8FO55M (169.254.6.232:0)
LogInit: Build: ++UE4+Release-4.19-CL-3989454
LogInit: Engine Version: 4.19.1-3989454+++UE4+Release-4.19
LogInit: Compatible Engine Version: 4.19.0-3944462+++UE4+Release-4.19
LogInit: Net CL: 3944462
LogDevObjectVersion: Number of dev versions registered: 18
LogDevObjectVersion:   Dev-Blueprints (B0D832E4-1F89-4F0D-ACCF-7EB736FD4AA2): 10
LogDevObjectVersion:   Dev-Build (E1C64328-A22C-4D53-A36C-8E866417BD8C): 0
LogDevObjectVersion:   Dev-Core (375EC13C-06E4-48FB-B500-84F0262A717E): 2
LogDevObjectVersion:   Dev-Editor (E4B068ED-F494-42E9-A231-DA0B2E46BB41): 23
LogDevObjectVersion:   Dev-Framework (CFFC743F-43B0-4480-9391-14DF171D2073): 33
LogDevObjectVersion:   Dev-Mobile (B02B49B5-BB20-44E9-A304-32B752E40360): 2
LogDevObjectVersion:   Dev-Networking (A4E4105C-59A1-49B5-A7C5-40C4547EDFEE): 0
LogDevObjectVersion:   Dev-Online (39C831C9-5AE6-47DC-9A44-9C173E1C8E7C): 0
LogDevObjectVersion:   Dev-Physics (78F01B33-EBEA-4F98-B9B4-84EACCB95AA2): 0
LogDevObjectVersion:   Dev-Platform (6631380F-2D4D-43E0-8009-CF276956A95A): 0
LogDevObjectVersion:   Dev-Rendering (12F88B9F-8875-4AFC-A67C-D90C383ABD29): 25
LogDevObjectVersion:   Dev-Sequencer (7B5AE74C-D270-4C10-A958-57980B212A5A): 6
LogDevObjectVersion:   Dev-VR (D7296918-1DD6-4BDD-9DE2-64A83CC13884): 1
LogDevObjectVersion:   Dev-LoadTimes (C2A15278-BFE7-4AFE-6C17-90FF531DF755): 1
LogDevObjectVersion:   Private-Geometry (6EACA3D4-40EC-4CC1-B786-8BED09428FC5): 2
LogDevObjectVersion:   Dev-AnimPhys (29E575DD-E0A3-4627-9D10-D276232CDCEA): 16
LogDevObjectVersion:   Dev-ReflectionCapture (6B266CEC-1EC7-4B8F-A30B-E4D90942FC07): 1
LogDevObjectVersion:   Dev-Automation (0DF73D61-A23F-47EA-B727-89E90C41499A): 1
LogInit: Compiled (64-bit): Apr  6 2018 12:26:04
LogInit: Compiled with Visual C++: 19.00.24215.01
LogInit: Build Configuration: Development
LogInit: Branch Name: ++UE4+Release-4.19
LogInit: Command Line:  
LogInit: Base Directory: D:/Games/UE_4.19/Engine/Binaries/Win64/
LogInit: Installed Engine Build: 1
LogStreaming: Display: Took  0.000s to delete old logs.
LogInit: Presizing for max 8388607 objects, including 0 objects not considered by GC, pre-allocating 0 bytes for permanent pool.
LogInit: Object subsystem initialized
[2018.04.27-18.35.44:962][  0]LogInit: Selected Device Profile: [Windows]
[2018.04.27-18.35.44:962][  0]LogInit: Applying CVar settings loaded from the selected device profile: [Windows]
[2018.04.27-18.35.44:977][  0]LogInit: Computer: DESKTOP-S8FO55M
[2018.04.27-18.35.44:977][  0]LogInit: User: Websevee
[2018.04.27-18.35.44:977][  0]LogInit: CPU Page size=4096, Cores=4
[2018.04.27-18.35.44:977][  0]LogInit: High frequency timer resolution =3.020482 MHz
[2018.04.27-18.35.44:977][  0]LogMemory: Memory total: Physical=8.0GB (8GB approx)
[2018.04.27-18.35.44:977][  0]LogMemory: Platform Memory Stats for Windows
[2018.04.27-18.35.44:977][  0]LogMemory: Process Physical Memory: 273.71 MB used, 273.71 MB peak
[2018.04.27-18.35.44:977][  0]LogMemory: Process Virtual Memory: 270.00 MB used, 270.00 MB peak
[2018.04.27-18.35.44:977][  0]LogMemory: Physical Memory: 6361.38 MB used,  1795.51 MB free, 8156.89 MB total
[2018.04.27-18.35.44:977][  0]LogMemory: Virtual Memory: 692.02 MB used,  1795.51 MB free, 134217728.00 MB total
[2018.04.27-18.35.44:994][  0]LogInit: Using OS detected language (ru-RU).
[2018.04.27-18.35.44:994][  0]LogInit: Using OS detected locale (ru-RU).
[2018.04.27-18.35.44:997][  0]LogTextLocalizationManager: No localization for 'ru-RU' exists, so 'en' will be used for the language.
[2018.04.27-18.35.45:527][  0]LogStreaming: Display: Took  0.533s to EndInitTextLocalization.
[2018.04.27-18.35.45:527][  0]LogInit: Setting process to per monitor DPI aware
[2018.04.27-18.35.45:544][  0]LogSlate: New Slate User Created.  User Index 0, Is Virtual User: 0
[2018.04.27-18.35.45:544][  0]LogSlate: Slate User Registered.  User Index 0, Is Virtual User: 0
[2018.04.27-18.35.45:769][  0]LogD3D11RHI: D3D11 adapters:
[2018.04.27-18.35.45:788][  0]LogD3D11RHI:    0. 'AMD Radeon HD 7900 Series' (Feature Level 11_0)
[2018.04.27-18.35.45:788][  0]LogD3D11RHI:       3052/0/4078 MB DedicatedVideo/DedicatedSystem/SharedSystem, Outputs:1, VendorId:0x1002
[2018.04.27-18.35.45:791][  0]LogD3D11RHI:    1. 'Microsoft Basic Render Driver' (Feature Level 11_0)
[2018.04.27-18.35.45:791][  0]LogD3D11RHI:       0/0/4078 MB DedicatedVideo/DedicatedSystem/SharedSystem, Outputs:0, VendorId:0x1414
[2018.04.27-18.35.45:791][  0]LogD3D11RHI: Chosen D3D11 Adapter: 0
[2018.04.27-18.35.45:797][  0]LogD3D11RHI: Creating new Direct3DDevice
[2018.04.27-18.35.45:797][  0]LogD3D11RHI:     GPU DeviceId: 0x6798 (for the marketing name, search the web for "GPU Device Id")
[2018.04.27-18.35.45:797][  0]LogWindows: EnumDisplayDevices:
[2018.04.27-18.35.45:798][  0]LogWindows:    0. 'AMD Radeon HD 7900 Series' (P:1 D:1)
[2018.04.27-18.35.45:798][  0]LogWindows:    1. 'AMD Radeon HD 7900 Series' (P:0 D:0)
[2018.04.27-18.35.45:798][  0]LogWindows:    2. 'AMD Radeon HD 7900 Series' (P:0 D:0)
[2018.04.27-18.35.45:798][  0]LogWindows:    3. 'AMD Radeon HD 7900 Series' (P:0 D:0)
[2018.04.27-18.35.45:798][  0]LogWindows:    4. 'AMD Radeon HD 7900 Series' (P:0 D:0)
[2018.04.27-18.35.45:798][  0]LogWindows:    5. 'AMD Radeon HD 7900 Series' (P:0 D:0)
[2018.04.27-18.35.45:798][  0]LogWindows: DebugString: GetVideoDriverDetailsInvalid PrimaryIsNotTheChoosenAdapter GetVideoDriverDetailsInvalid PrimaryIsNotTheChoosenAdapter GetVideoDriverDetailsInvalid PrimaryIsNotTheChoosenAdapter GetVideoDriverDetailsInvalid PrimaryIsNotTheChoosenAdapter GetVideoDriverDetailsInvalid PrimaryIsNotTheChoosenAdapter GetVideoDriverDetailsInvalid PrimaryIsNotTheChoosenAdapter FoundDriverCount:0 
[2018.04.27-18.35.45:798][  0]LogD3D11RHI:     Adapter Name: AMD Radeon HD 7900 Series
[2018.04.27-18.35.45:799][  0]LogD3D11RHI:   Driver Version: Unknown (internal:Unknown, unified:Unknown)
[2018.04.27-18.35.45:799][  0]LogD3D11RHI:      Driver Date: Unknown
[2018.04.27-18.35.45:799][  0]LogRHI: Texture pool is 2136 MB (70% of 3052 MB)
[2018.04.27-18.35.45:830][  0]LogD3D11RHI: Async texture creation enabled
[2018.04.27-18.35.45:843][  0]LogD3D11RHI: GPU Timing Frequency: 27.000000 (Debug: 2 1)
[2018.04.27-18.35.45:844][  0]LogShaderCompilers: Guid format shader working directory is -8 characters bigger than the processId version (../../../../../GithubProjects/SuperProject_Test/MyProject/Intermediate/Shaders/WorkingDirectory/9296/).
[2018.04.27-18.35.45:844][  0]LogShaderCompilers: Cleaned the shader compiler working directory 'C:/Users/Websevee/AppData/Local/Temp/UnrealShaderWorkingDir/6C381F934F1863CF744651A6E417771A/'.
[2018.04.27-18.35.46:097][  0]LogTemp: Display: Loaded TP AllDesktopTargetPlatform
[2018.04.27-18.35.46:114][  0]LogTemp: Display: Loaded TP MacClientTargetPlatform
[2018.04.27-18.35.46:133][  0]LogTemp: Display: Loaded TP MacNoEditorTargetPlatform
[2018.04.27-18.35.46:151][  0]LogTemp: Display: Loaded TP MacServerTargetPlatform
[2018.04.27-18.35.46:169][  0]LogTemp: Display: Loaded TP MacTargetPlatform
[2018.04.27-18.35.46:185][  0]LogTemp: Display: Loaded TP WindowsClientTargetPlatform
[2018.04.27-18.35.46:202][  0]LogTemp: Display: Loaded TP WindowsNoEditorTargetPlatform
[2018.04.27-18.35.46:219][  0]LogTemp: Display: Loaded TP WindowsServerTargetPlatform
[2018.04.27-18.35.46:226][  0]LogTemp: Display: Loaded TP WindowsTargetPlatform
[2018.04.27-18.35.46:241][  0]LogTemp: Display: Loaded TP Android_ASTCTargetPlatform
[2018.04.27-18.35.46:256][  0]LogTemp: Display: Loaded TP Android_ATCTargetPlatform
[2018.04.27-18.35.46:271][  0]LogTemp: Display: Loaded TP Android_DXTTargetPlatform
[2018.04.27-18.35.46:285][  0]LogTemp: Display: Loaded TP Android_ETC1aTargetPlatform
[2018.04.27-18.35.46:300][  0]LogTemp: Display: Loaded TP Android_ETC1TargetPlatform
[2018.04.27-18.35.46:315][  0]LogTemp: Display: Loaded TP Android_ETC2TargetPlatform
[2018.04.27-18.35.46:345][  0]LogTemp: Display: Loaded TP Android_MultiTargetPlatform
[2018.04.27-18.35.46:345][  0]LogTemp: Display: Loaded TP Android_PVRTCTargetPlatform
[2018.04.27-18.35.46:360][  0]LogTemp: Display: Loaded TP AndroidTargetPlatform
[2018.04.27-18.35.46:361][  0]LogTemp: Display: Loaded TP HTML5TargetPlatform
[2018.04.27-18.35.46:402][  0]LogTemp: Display: Loaded TP IOSTargetPlatform
[2018.04.27-18.35.46:416][  0]LogTemp: Display: Loaded TP TVOSTargetPlatform
[2018.04.27-18.35.46:431][  0]LogTemp: Display: Loaded TP LinuxClientTargetPlatform
[2018.04.27-18.35.46:446][  0]LogTemp: Display: Loaded TP LinuxNoEditorTargetPlatform
[2018.04.27-18.35.46:462][  0]LogTemp: Display: Loaded TP LinuxServerTargetPlatform
[2018.04.27-18.35.46:478][  0]LogTemp: Display: Loaded TP LinuxTargetPlatform
[2018.04.27-18.35.46:478][  0]LogTargetPlatformManager: Display: Building Assets For Windows
[2018.04.27-18.35.46:587][  0]LogShaderCompilers: Display: Using XGE Shader Compiler (Interception Interface).
[2018.04.27-18.35.47:472][  0]LogDerivedDataCache: Display: Max Cache Size: 512 MB
[2018.04.27-18.35.47:608][  0]LogDerivedDataCache: Loaded boot cache 0.14s 74MB C:/Users/Websevee/AppData/Local/UnrealEngine/4.19/DerivedDataCache/Boot.ddc.
[2018.04.27-18.35.47:609][  0]LogDerivedDataCache: Display: Loaded Boot cache: C:/Users/Websevee/AppData/Local/UnrealEngine/4.19/DerivedDataCache/Boot.ddc
[2018.04.27-18.35.47:609][  0]LogDerivedDataCache: FDerivedDataBackendGraph:  Pak pak cache file ../../../../../GithubProjects/SuperProject_Test/MyProject/DerivedDataCache/DDC.ddp not found, will not use a pak cache.
[2018.04.27-18.35.47:609][  0]LogDerivedDataCache: Unable to find inner node Pak for hierarchical cache Hierarchy.
[2018.04.27-18.35.47:609][  0]LogDerivedDataCache: FDerivedDataBackendGraph:  CompressedPak pak cache file ../../../../../GithubProjects/SuperProject_Test/MyProject/DerivedDataCache/Compressed.ddp not found, will not use a pak cache.
[2018.04.27-18.35.47:609][  0]LogDerivedDataCache: Unable to find inner node CompressedPak for hierarchical cache Hierarchy.
[2018.04.27-18.35.47:630][  0]LogDerivedDataCache: Display: Pak cache opened for reading ../../../Engine/DerivedDataCache/Compressed.ddp.
[2018.04.27-18.35.47:642][  0]LogDerivedDataCache: Using Local data cache path C:/Users/Websevee/AppData/Local/UnrealEngine/Common/DerivedDataCache: Writable
[2018.04.27-18.35.47:659][  0]LogMaterial: Verifying Global Shaders for PCD3D_SM5
[2018.04.27-18.35.47:660][  0]LogSlate: Using Freetype 2.6.0
[2018.04.27-18.35.47:660][  0]LogSlate: SlateFontCache - WITH_FREETYPE: 1, WITH_HARFBUZZ: 1
[2018.04.27-18.35.47:660][  0]LogSlate: SlateFontCache - WITH_FREETYPE: 1, WITH_HARFBUZZ: 1
[2018.04.27-18.35.47:797][  0]LogAssetRegistry: FAssetRegistry took 0.0276 seconds to start up
[2018.04.27-18.35.48:238][  0]LogInit: Selected Device Profile: [Windows]
[2018.04.27-18.35.48:419][  0]LogSimplygon: Simplygon DLL not present - disabling.
[2018.04.27-18.35.48:421][  0]LogMeshReduction: Using SimplygonSwarm for distributed automatic mesh merging
[2018.04.27-18.35.48:421][  0]LogMeshReduction: Using QuadricMeshReduction for automatic static mesh reduction
[2018.04.27-18.35.48:421][  0]LogMeshReduction: No automatic skeletal mesh reduction module available
[2018.04.27-18.35.48:421][  0]LogMeshReduction: No automatic mesh merging module available
[2018.04.27-18.35.48:421][  0]LogMeshMerging: No automatic mesh merging module available
[2018.04.27-18.35.48:456][  0]LogNetVersion: MyProject , NetCL: 3944462, EngineNetVer: 2, GameNetVer: 0 (Checksum: 2475486345)
[2018.04.27-18.35.49:014][  0]LogPackageLocalizationCache: Processed 9 localized package path(s) for 1 prioritized culture(s) in 0.043640 seconds
[2018.04.27-18.35.49:024][  0]LogUObjectArray: 36728 objects as part of root set at end of initial load.
[2018.04.27-18.35.49:024][  0]LogUObjectAllocator: 7314312 out of 0 bytes used by permanent object pool.
[2018.04.27-18.35.49:024][  0]LogUObjectArray: CloseDisregardForGC: 0/0 objects in disregard for GC pool
[2018.04.27-18.35.50:968][  0]LogTcpMessaging: Initializing TcpMessaging bridge
[2018.04.27-18.35.50:997][  0]LogUdpMessaging: Initializing bridge on interface 0.0.0.0:0 to multicast group 230.0.0.1:6666.
[2018.04.27-18.35.51:348][  0]SourceControl: Source control is disabled
[2018.04.27-18.35.51:348][  0]SourceControl: Source control is disabled
[2018.04.27-18.35.51:365][  0]SourceControl: Source control is disabled
[2018.04.27-18.35.51:381][  0]SourceControl: Source control is disabled
[2018.04.27-18.35.51:850][  0]LogAndroidPermission: UAndroidPermissionCallbackProxy::GetInstance
[2018.04.27-18.35.52:039][  0]LogOcInput: OculusInput pre-init called
[2018.04.27-18.35.52:160][  0]LogEngine: Initializing Engine...
[2018.04.27-18.35.52:162][  0]LogHMD: Failed to initialize OpenVR with code 110
[2018.04.27-18.35.52:163][  0]LogStats: UGameplayTagsManager::ConstructGameplayTagTree: Construct from data asset -  0.000 s
[2018.04.27-18.35.52:163][  0]LogStats: UGameplayTagsManager::ConstructGameplayTagTree: GameplayTagTreeChangedEvent.Broadcast -  0.000 s
[2018.04.27-18.35.52:539][  0]LogAIModule: Creating AISystem for world Untitled
[2018.04.27-18.35.52:598][  0]LogInit: XAudio2 using 'Динамики (Realtek High Definition Audio)' : 2 channels at 48 kHz using 16 bits per sample (channel mask 0x3)
[2018.04.27-18.35.52:622][  0]LogInit: FAudioDevice initialized.
[2018.04.27-18.35.52:757][  0]LogDerivedDataCache: Saved boot cache 0.13s 74MB C:/Users/Websevee/AppData/Local/UnrealEngine/4.19/DerivedDataCache/Boot.ddc.
[2018.04.27-18.35.52:789][  0]LogInit: Texture streaming: Enabled
[2018.04.27-18.35.52:808][  0]LogEngineSessionManager: EngineSessionManager initialized
[2018.04.27-18.35.52:826][  0]LogInit: Transaction tracking system initialized
[2018.04.27-18.35.52:848][  0]BlueprintLog: New page: Editor Load
[2018.04.27-18.35.52:930][  0]LocalizationService: Localization service is disabled
[2018.04.27-18.35.53:416][  0]LogConsoleResponse: Display: 
[2018.04.27-18.35.53:644][  0]LogCook: Display: Max memory allowance for cook 16384mb min free memory 0mb
[2018.04.27-18.35.53:645][  0]LogFileCache: Scanning file cache for directory 'D:/GithubProjects/SuperProject_Test/MyProject/Content/' took 0.03s
[2018.04.27-18.35.53:645][  0]LogCook: Display: Mobile HDR setting 1
[2018.04.27-18.35.53:645][  0]LogGameplayTags: Display: UGameplayTagsManager::DoneAddingNativeTags. DelegateIsBound: 0
[2018.04.27-18.35.53:645][  0]LogStats: UGameplayTagsManager::ConstructGameplayTagTree: Construct from data asset -  0.000 s
[2018.04.27-18.35.53:645][  0]LogStats: UGameplayTagsManager::ConstructGameplayTagTree: GameplayTagTreeChangedEvent.Broadcast -  0.000 s
[2018.04.27-18.35.54:050][  0]SourceControl: Source control is disabled
[2018.04.27-18.35.54:051][  0]Cmd: MAP LOAD FILE="../../../Engine/Content/Maps/Templates/Template_Default.umap" TEMPLATE=1 SHOWPROGRESS=1 FEATURELEVEL=3
[2018.04.27-18.35.54:051][  0]LightingResults: New page: Lighting Build
[2018.04.27-18.35.54:053][  0]MapCheck: New page: Map Check
[2018.04.27-18.35.54:053][  0]LightingResults: New page: Lighting Build
[2018.04.27-18.35.54:351][  0]LogAIModule: Creating AISystem for world Untitled_1
[2018.04.27-18.35.54:360][  0]LogEditorServer: Finished looking for orphan Actors (0.000 secs)
[2018.04.27-18.35.54:381][  0]Cmd: MAP CHECKDEP NOCLEARLOG
[2018.04.27-18.35.54:439][  0]MapCheck: Map check complete: 0 Error(s), 0 Warning(s), took 58,343ms to complete.
[2018.04.27-18.35.54:439][  0]LogFileHelpers: Loading map 'Template_Default' took 0.389
[2018.04.27-18.35.54:598][  0]LogCollectionManager: Loaded 0 collections in 0.001249 seconds
[2018.04.27-18.35.54:640][  0]LogFileCache: Scanning file cache for directory 'D:/GithubProjects/SuperProject_Test/MyProject/Saved/Collections/' took 0.01s
[2018.04.27-18.35.54:640][  0]LogFileCache: Scanning file cache for directory 'D:/GithubProjects/SuperProject_Test/MyProject/Content/Developers/Websevee/Collections/' took 0.01s
[2018.04.27-18.35.54:640][  0]LogFileCache: Scanning file cache for directory 'D:/GithubProjects/SuperProject_Test/MyProject/Content/Collections/' took 0.01s
[2018.04.27-18.35.54:640][  0]LogCollectionManager: Rebuilt the GUID cache for 0 collections in 0.000001 seconds
[2018.04.27-18.35.54:652][  0]LogContentBrowser: Native class hierarchy populated in 0.0121 seconds. Added 2452 classes and 558 folders.
[2018.04.27-18.35.54:659][  0]LogContentBrowser: Native class hierarchy updated for 'WidgetCarousel' in 0.0003 seconds. Added 0 classes and 0 folders.
[2018.04.27-18.35.54:711][  0]LogContentBrowser: Native class hierarchy updated for 'AddContentDialog' in 0.0003 seconds. Added 0 classes and 0 folders.
[2018.04.27-18.35.54:718][  0]LogContentBrowser: Native class hierarchy updated for 'SceneOutliner' in 0.0003 seconds. Added 1 classes and 2 folders.
[2018.04.27-18.35.54:809][  0]LogSlate: Took 0.000274 seconds to synchronously load lazily loaded font '../../../Engine/Content/Slate/Fonts/Roboto-Regular.ttf' (155K)
[2018.04.27-18.35.54:811][  0]LogSlate: Took 0.000234 seconds to synchronously load lazily loaded font '../../../Engine/Content/Slate/Fonts/Roboto-Bold.ttf' (160K)
[2018.04.27-18.35.54:819][  0]LogSlate: Took 0.000299 seconds to synchronously load lazily loaded font '../../../Engine/Content/Editor/Slate/Fonts/FontAwesome.ttf' (139K)
[2018.04.27-18.35.54:956][  0]LogRenderer: Reallocating scene render targets to support 1116x596 Format 9 NumSamples 1 (Frame:1).
[2018.04.27-18.35.55:191][  0]LogContentBrowser: Native class hierarchy updated for 'HierarchicalLODOutliner' in 0.0003 seconds. Added 0 classes and 0 folders.
[2018.04.27-18.35.55:192][  0]LogLoad: (Engine Initialization) Total time: 12.44 seconds
[2018.04.27-18.35.55:192][  0]LogLoad: (Engine Initialization) Total Blueprint compile time: 0.00 seconds
[2018.04.27-18.35.55:549][  0]LogContentStreaming: Texture pool size now 600 MB
[2018.04.27-18.35.55:878][  1]LogAssetRegistry: Asset discovery search completed in 8.1037 seconds
[2018.04.27-18.35.55:880][  1]LogCollectionManager: Rebuilt the object cache for 0 collections in 0.000001 seconds (found 0 objects)
[2018.04.27-18.35.55:880][  1]LogCollectionManager: Fixed up redirectors for 0 collections in 0.000094 seconds (updated 0 objects)
[2018.04.27-18.35.59:876][ 13]LogSlate: Took 0.001155 seconds to synchronously load lazily loaded font '../../../Engine/Content/Slate/Fonts/Roboto-Light.ttf' (167K)
[2018.04.27-18.36.02:638][160]LogSlate: FSceneViewport::OnFocusLost() reason 0
[2018.04.27-18.36.02:782][175]LogSlate: Took 0.000258 seconds to synchronously load lazily loaded font '../../../Engine/Content/Slate/Fonts/Roboto-Light.ttf' (167K)
[2018.04.27-18.36.02:817][175]LogAIModule: Creating AISystem for world NewMap
[2018.04.27-18.36.02:846][175]Cmd: MAP LOAD FILE="../../../../../GithubProjects/SuperProject_Test/MyProject/Content/NewMap.umap" TEMPLATE=0 SHOWPROGRESS=1 FEATURELEVEL=3
[2018.04.27-18.36.02:846][175]LightingResults: New page: Lighting Build
[2018.04.27-18.36.02:847][175]LoadErrors: New page: Loading map: NewMap.umap
[2018.04.27-18.36.02:848][175]MapCheck: New page: Map Check
[2018.04.27-18.36.02:848][175]LightingResults: New page: Lighting Build
[2018.04.27-18.36.02:927][175]LogEditorServer: Finished looking for orphan Actors (0.000 secs)
[2018.04.27-18.36.02:968][175]Cmd: MAP CHECKDEP NOCLEARLOG
[2018.04.27-18.36.03:017][175]MapCheck: Map check complete: 0 Error(s), 0 Warning(s), took 49,618ms to complete.
[2018.04.27-18.36.03:018][175]LogFileHelpers: Loading map 'NewMap' took 0.173
[2018.04.27-18.36.34:695][ 56]LogSlate: FSceneViewport::OnFocusLost() reason 0
[2018.04.27-18.36.49:266][110]LogSlate: Window 'Pick Parent Class' being destroyed
[2018.04.27-18.36.59:029][114]Cmd: OBJ SAVEPACKAGE PACKAGE="/Game/NewMap" FILE="../../../../../GithubProjects/SuperProject_Test/MyProject/Content/NewMap.umap" SILENT=true AUTOSAVING=false KEEPDIRTY=false
[2018.04.27-18.36.59:082][114]LogSavePackage: Save=33.18ms
[2018.04.27-18.36.59:082][114]LogSavePackage: Moving '../../../../../GithubProjects/SuperProject_Test/MyProject/Saved/NewMap6DD4E1344F2F2AB53DEA85B6789585A8.tmp' to '../../../../../GithubProjects/SuperProject_Test/MyProject/Content/NewMap.umap'
[2018.04.27-18.36.59:083][114]LogSavePackage: Display: Finished SavePackage ../../../../../GithubProjects/SuperProject_Test/MyProject/Content/NewMap.umap
[2018.04.27-18.37.01:921][265]LogSlate: Window 'Save Content' being destroyed
[2018.04.27-18.37.01:946][265]Cmd: OBJ SAVEPACKAGE PACKAGE="/Game/Asset" FILE="../../../../../GithubProjects/SuperProject_Test/MyProject/Content/Asset.uasset" SILENT=true
[2018.04.27-18.37.01:964][265]LogSavePackage: Save=12.18ms
[2018.04.27-18.37.01:964][265]LogSavePackage: Moving '../../../../../GithubProjects/SuperProject_Test/MyProject/Saved/Asset04F68B9449E61D6D62E1F1A26D545C70.tmp' to '../../../../../GithubProjects/SuperProject_Test/MyProject/Content/Asset.uasset'
[2018.04.27-18.37.01:966][265]LogSavePackage: Display: Finished SavePackage ../../../../../GithubProjects/SuperProject_Test/MyProject/Content/Asset.uasset
[2018.04.27-18.37.02:048][265]LogSlate: Window 'MyProject - Unreal Editor' being destroyed
[2018.04.27-18.37.02:048][265]LogWindowsTextInputMethodSystem: Display: IME system now deactivated.
[2018.04.27-18.37.02:255][266]Cmd: QUIT_EDITOR
[2018.04.27-18.37.02:289][266]LogSlate: Slate User Destroyed.  User Index 0, Is Virtual User: 0
[2018.04.27-18.37.02:289][266]LogExit: Preparing to exit.
[2018.04.27-18.37.03:055][266]LogDirectoryWatcher: A directory notification for 'D:/GithubProjects/SuperProject_Test/MyProject/Content/' was aborted.
[2018.04.27-18.37.03:078][266]LogExit: Editor shut down
[2018.04.27-18.37.03:086][266]LogExit: Transaction tracking system shut down
[2018.04.27-18.37.03:312][266]LogDirectoryWatcher: A directory notification for '../../../Engine/Content/' was aborted.
[2018.04.27-18.37.03:312][266]LogDirectoryWatcher: A directory notification for '../../../../../GithubProjects/SuperProject_Test/MyProject/Content/' was aborted.
[2018.04.27-18.37.03:313][266]LogDirectoryWatcher: A directory notification for '../../Plugins/2D/Paper2D/Content/' was aborted.
[2018.04.27-18.37.03:313][266]LogDirectoryWatcher: A directory notification for '../../Plugins/Enterprise/DatasmithContent/Content/' was aborted.
[2018.04.27-18.37.03:313][266]LogDirectoryWatcher: A directory notification for '../../Plugins/Media/MediaCompositing/Content/' was aborted.
[2018.04.27-18.37.03:313][266]LogDirectoryWatcher: A directory notification for '../../Plugins/Runtime/AppleARKit/Content/' was aborted.
[2018.04.27-18.37.03:313][266]LogDirectoryWatcher: A directory notification for '../../Plugins/Runtime/Oculus/OculusVR/Content/' was aborted.
[2018.04.27-18.37.03:313][266]LogDirectoryWatcher: A directory notification for '../../Plugins/Runtime/Steam/SteamVR/Content/' was aborted.
[2018.04.27-18.37.03:378][266]LogExit: Object subsystem successfully closed.
[2018.04.27-18.37.03:391][266]LogShaderCompilers: Display: Shaders left to compile 0
[2018.04.27-18.37.03:395][266]LogD3D11RHI: Shutdown
[2018.04.27-18.37.03:395][266]LogD3D11RHI: CleanupD3DDevice
[2018.04.27-18.37.03:399][266]LogD3D11RHI: ~FD3D11DynamicRHI
[2018.04.27-18.37.03:411][266]LogModuleManager: Shutting down and abandoning module HierarchicalLODOutliner (576)
[2018.04.27-18.37.03:411][266]LogModuleManager: Shutting down and abandoning module SceneOutliner (574)
[2018.04.27-18.37.03:411][266]LogModuleManager: Shutting down and abandoning module AddContentDialog (572)
[2018.04.27-18.37.03:411][266]LogDirectoryWatcher: A directory notification for 'D:/Games/UE_4.19/FeaturePacks/' was aborted.
[2018.04.27-18.37.03:412][266]LogModuleManager: Shutting down and abandoning module WidgetCarousel (571)
[2018.04.27-18.37.03:413][266]LogModuleManager: Shutting down and abandoning module EditorWidgets (568)
[2018.04.27-18.37.03:413][266]LogModuleManager: Shutting down and abandoning module CollectionManager (566)
[2018.04.27-18.37.03:413][266]LogDirectoryWatcher: A directory notification for 'D:/GithubProjects/SuperProject_Test/MyProject/Content/Collections/' was aborted.
[2018.04.27-18.37.03:413][266]LogDirectoryWatcher: A directory notification for 'D:/GithubProjects/SuperProject_Test/MyProject/Content/Developers/Websevee/Collections/' was aborted.
[2018.04.27-18.37.03:413][266]LogDirectoryWatcher: A directory notification for 'D:/GithubProjects/SuperProject_Test/MyProject/Saved/Collections/' was aborted.
[2018.04.27-18.37.03:413][266]LogModuleManager: Shutting down and abandoning module HierarchicalLODUtilities (564)
[2018.04.27-18.37.03:413][266]LogModuleManager: Shutting down and abandoning module StatsViewer (562)
[2018.04.27-18.37.03:413][266]LogModuleManager: Shutting down and abandoning module FoliageEdit (560)
[2018.04.27-18.37.03:413][266]LogModuleManager: Shutting down and abandoning module LandscapeEditor (558)
[2018.04.27-18.37.03:413][266]LogModuleManager: Shutting down and abandoning module MeshPaintMode (556)
[2018.04.27-18.37.03:413][266]LogModuleManager: Shutting down and abandoning module SceneDepthPickerMode (554)
[2018.04.27-18.37.03:413][266]LogModuleManager: Shutting down and abandoning module ActorPickerMode (552)
[2018.04.27-18.37.03:413][266]LogModuleManager: Shutting down and abandoning module GeometryMode (550)
[2018.04.27-18.37.03:413][266]LogModuleManager: Shutting down and abandoning module TextureAlignMode (548)
[2018.04.27-18.37.03:413][266]LogModuleManager: Shutting down and abandoning module BspMode (546)
[2018.04.27-18.37.03:413][266]LogModuleManager: Shutting down and abandoning module PIEPreviewDeviceProfileSelector (544)
[2018.04.27-18.37.03:413][266]LogModuleManager: Shutting down and abandoning module HardwareSurvey (542)
[2018.04.27-18.37.03:413][266]LogModuleManager: Shutting down and abandoning module SequenceRecorderSections (540)
[2018.04.27-18.37.03:413][266]LogModuleManager: Shutting down and abandoning module AutomationWorker (538)
[2018.04.27-18.37.03:413][266]LogModuleManager: Shutting down and abandoning module AudioCaptureEditor (536)
[2018.04.27-18.37.03:413][266]LogModuleManager: Shutting down and abandoning module SequenceRecorder (535)
[2018.04.27-18.37.03:414][266]LogModuleManager: Shutting down and abandoning module MatineeToLevelSequence (532)
[2018.04.27-18.37.03:414][266]LogModuleManager: Shutting down and abandoning module LevelSequenceEditor (530)
[2018.04.27-18.37.03:414][266]LogModuleManager: Shutting down and abandoning module PlacementMode (529)
[2018.04.27-18.37.03:414][266]LogModuleManager: Shutting down and abandoning module MaterialEditor (528)
[2018.04.27-18.37.03:414][266]LogModuleManager: Shutting down and abandoning module WmfMediaFactory (524)
[2018.04.27-18.37.03:414][266]LogModuleManager: Shutting down and abandoning module WmfMediaEditor (522)
[2018.04.27-18.37.03:414][266]LogModuleManager: Shutting down and abandoning module MediaPlayerEditor (520)
[2018.04.27-18.37.03:414][266]LogModuleManager: Shutting down and abandoning module OpenExrWrapper (518)
[2018.04.27-18.37.03:414][266]LogModuleManager: Shutting down and abandoning module ImgMediaFactory (516)
[2018.04.27-18.37.03:414][266]LogModuleManager: Shutting down and abandoning module ImgMediaEditor (514)
[2018.04.27-18.37.03:414][266]LogModuleManager: Shutting down and abandoning module AvfMediaFactory (512)
[2018.04.27-18.37.03:414][266]LogModuleManager: Shutting down and abandoning module AvfMediaEditor (510)
[2018.04.27-18.37.03:414][266]LogModuleManager: Shutting down and abandoning module AndroidMediaFactory (508)
[2018.04.27-18.37.03:414][266]LogModuleManager: Shutting down and abandoning module AndroidMediaEditor (506)
[2018.04.27-18.37.03:414][266]LogModuleManager: Shutting down and abandoning module CharacterAI (504)
[2018.04.27-18.37.03:414][266]LogModuleManager: Shutting down and abandoning module SmartSnapping (502)
[2018.04.27-18.37.03:414][266]LogModuleManager: Shutting down and abandoning module SessionServices (500)
[2018.04.27-18.37.03:414][266]LogModuleManager: Shutting down and abandoning module ViewportSnapping (498)
[2018.04.27-18.37.03:414][266]LogModuleManager: Shutting down and abandoning module ViewportInteraction (496)
[2018.04.27-18.37.03:414][266]LogModuleManager: Shutting down and abandoning module ClothPainter (494)
[2018.04.27-18.37.03:414][266]LogModuleManager: Shutting down and abandoning module SkeletalMeshEditor (493)
[2018.04.27-18.37.03:414][266]LogModuleManager: Shutting down and abandoning module LogVisualizer (490)
[2018.04.27-18.37.03:414][266]LogModuleManager: Shutting down and abandoning module IntroTutorials (488)
[2018.04.27-18.37.03:414][266]LogModuleManager: Shutting down and abandoning module GameProjectGeneration (487)
[2018.04.27-18.37.03:414][266]LogModuleManager: Shutting down and abandoning module IOSPlatformEditor (484)
[2018.04.27-18.37.03:414][266]LogModuleManager: Shutting down and abandoning module HTML5PlatformEditor (482)
[2018.04.27-18.37.03:414][266]LogModuleManager: Shutting down and abandoning module AndroidPlatformEditor (480)
[2018.04.27-18.37.03:414][266]LogModuleManager: Shutting down and abandoning module AndroidDeviceDetection (479)
[2018.04.27-18.37.04:039][266]LogModuleManager: Shutting down and abandoning module WindowsPlatformEditor (476)
[2018.04.27-18.37.04:039][266]LogModuleManager: Shutting down and abandoning module IOSRuntimeSettings (474)
[2018.04.27-18.37.04:039][266]LogModuleManager: Shutting down and abandoning module AndroidRuntimeSettings (472)
[2018.04.27-18.37.04:039][266]LogModuleManager: Shutting down and abandoning module InputBindingEditor (470)
[2018.04.27-18.37.04:039][266]LogModuleManager: Shutting down and abandoning module MergeActors (468)
[2018.04.27-18.37.04:039][266]LogModuleManager: Shutting down and abandoning module LocalizationDashboard (466)
[2018.04.27-18.37.04:039][266]LogModuleManager: Shutting down and abandoning module LocalizationService (465)
[2018.04.27-18.37.04:040][266]LogModuleManager: Shutting down and abandoning module HardwareTargeting (462)
[2018.04.27-18.37.04:040][266]LogModuleManager: Shutting down and abandoning module DeviceProfileEditor (460)
[2018.04.27-18.37.04:040][266]LogModuleManager: Shutting down and abandoning module UndoHistory (458)
[2018.04.27-18.37.04:040][266]LogModuleManager: Shutting down and abandoning module XmlParser (456)
[2018.04.27-18.37.04:040][266]LogModuleManager: Shutting down and abandoning module Blutility (454)
[2018.04.27-18.37.04:040][266]LogModuleManager: Shutting down and abandoning module ProjectSettingsViewer (452)
[2018.04.27-18.37.04:040][266]LogModuleManager: Shutting down and abandoning module ProjectTargetPlatformEditor (451)
[2018.04.27-18.37.04:040][266]LogModuleManager: Shutting down and abandoning module EditorSettingsViewer (448)
[2018.04.27-18.37.04:040][266]LogModuleManager: Shutting down and abandoning module SettingsEditor (446)
[2018.04.27-18.37.04:040][266]LogModuleManager: Shutting down and abandoning module ProjectLauncher (444)
[2018.04.27-18.37.04:040][266]LogModuleManager: Shutting down and abandoning module SessionFrontend (442)
[2018.04.27-18.37.04:040][266]LogModuleManager: Shutting down and abandoning module ProfilerClient (440)
[2018.04.27-18.37.04:040][266]LogModuleManager: Shutting down and abandoning module DeviceManager (438)
[2018.04.27-18.37.04:040][266]LogModuleManager: Shutting down and abandoning module TargetDeviceServices (437)
[2018.04.27-18.37.04:092][266]LogModuleManager: Shutting down and abandoning module AutomationController (434)
[2018.04.27-18.37.04:092][266]LogModuleManager: Shutting down and abandoning module AutomationWindow (432)
[2018.04.27-18.37.04:092][266]LogModuleManager: Shutting down and abandoning module Layers (430)
[2018.04.27-18.37.04:092][266]LogModuleManager: Shutting down and abandoning module ComponentVisualizers (428)
[2018.04.27-18.37.04:092][266]LogModuleManager: Shutting down and abandoning module DetailCustomizations (426)
[2018.04.27-18.37.04:092][266]LogModuleManager: Shutting down and abandoning module PackagesDialog (424)
[2018.04.27-18.37.04:092][266]LogModuleManager: Shutting down and abandoning module Persona (422)
[2018.04.27-18.37.04:092][266]LogModuleManager: Shutting down and abandoning module AdvancedPreviewScene (421)
[2018.04.27-18.37.04:092][266]LogModuleManager: Shutting down and abandoning module AnimGraph (419)
[2018.04.27-18.37.04:092][266]LogModuleManager: Shutting down and abandoning module Kismet (416)
[2018.04.27-18.37.04:092][266]LogModuleManager: Shutting down and abandoning module GraphEditor (414)
[2018.04.27-18.37.04:092][266]LogModuleManager: Shutting down and abandoning module ClassViewer (412)
[2018.04.27-18.37.04:094][266]LogModuleManager: Shutting down and abandoning module Toolbox (410)
[2018.04.27-18.37.04:094][266]LogModuleManager: Shutting down and abandoning module ModuleUI (408)
[2018.04.27-18.37.04:094][266]LogModuleManager: Shutting down and abandoning module MovieSceneTools (406)
[2018.04.27-18.37.04:094][266]LogModuleManager: Shutting down and abandoning module OutputLog (404)
[2018.04.27-18.37.04:094][266]LogModuleManager: Shutting down and abandoning module GammaUI (402)
[2018.04.27-18.37.04:094][266]LogModuleManager: Shutting down and abandoning module Documentation (400)
[2018.04.27-18.37.04:094][266]LogModuleManager: Shutting down and abandoning module MovieSceneTracks (398)
[2018.04.27-18.37.04:094][266]LogModuleManager: Shutting down and abandoning module MovieScene (396)
[2018.04.27-18.37.04:094][266]LogModuleManager: Shutting down and abandoning module StreamingPauseRendering (394)
[2018.04.27-18.37.04:094][266]LogModuleManager: Shutting down and abandoning module LauncherPlatform (392)
[2018.04.27-18.37.04:094][266]LogModuleManager: Shutting down and abandoning module AnalyticsET (390)
[2018.04.27-18.37.04:094][266]LogModuleManager: Shutting down and abandoning module PortalServices (388)
[2018.04.27-18.37.04:094][266]LogModuleManager: Shutting down and abandoning module PortalRpc (386)
[2018.04.27-18.37.04:094][266]LogModuleManager: Shutting down and abandoning module MessagingRpc (384)
[2018.04.27-18.37.04:094][266]LogModuleManager: Shutting down and abandoning module AIModule (382)
[2018.04.27-18.37.04:094][266]LogModuleManager: Shutting down and abandoning module GameplayDebugger (381)
[2018.04.27-18.37.04:094][266]LogModuleManager: Shutting down and abandoning module AITestSuite (379)
[2018.04.27-18.37.04:094][266]LogModuleManager: Shutting down and abandoning module DesktopPlatform (376)
[2018.04.27-18.37.04:095][266]LogModuleManager: Shutting down and abandoning module ProfilerService (374)
[2018.04.27-18.37.04:113][266]LogModuleManager: Shutting down and abandoning module TaskGraph (372)
[2018.04.27-18.37.04:113][266]LogModuleManager: Shutting down and abandoning module SteamVRController (370)
[2018.04.27-18.37.04:113][266]LogModuleManager: Shutting down and abandoning module ProceduralMeshComponentEditor (368)
[2018.04.27-18.37.04:113][266]LogModuleManager: Shutting down and abandoning module ProceduralMeshComponent (366)
[2018.04.27-18.37.04:113][266]LogModuleManager: Shutting down and abandoning module OculusInput (364)
[2018.04.27-18.37.04:113][266]LogModuleManager: Shutting down and abandoning module MobilePatchingUtils (362)
[2018.04.27-18.37.04:113][266]LogModuleManager: Shutting down and abandoning module CustomMeshComponent (360)
[2018.04.27-18.37.04:113][266]LogModuleManager: Shutting down and abandoning module CableComponent (358)
[2018.04.27-18.37.04:113][266]LogModuleManager: Shutting down and abandoning module AudioCapture (356)
[2018.04.27-18.37.04:113][266]LogModuleManager: Shutting down and abandoning module ArchVisCharacter (354)
[2018.04.27-18.37.04:113][266]LogModuleManager: Shutting down and abandoning module AndroidPermission (352)
[2018.04.27-18.37.04:113][266]LogModuleManager: Shutting down and abandoning module NUTUnrealEngine4 (348)
[2018.04.27-18.37.04:113][266]LogModuleManager: Shutting down and abandoning module NetcodeUnitTest (346)
[2018.04.27-18.37.04:114][266]LogModuleManager: Shutting down and abandoning module MediaCompositingEditor (344)
[2018.04.27-18.37.04:114][266]LogModuleManager: Shutting down and abandoning module MediaCompositing (342)
[2018.04.27-18.37.04:114][266]LogModuleManager: Shutting down and abandoning module LinearTimecode (340)
[2018.04.27-18.37.04:114][266]LogModuleManager: Shutting down and abandoning module ImgMedia (338)
[2018.04.27-18.37.04:117][266]LogModuleManager: Shutting down and abandoning module HTML5Networking (336)
[2018.04.27-18.37.04:117][266]LogModuleManager: Shutting down and abandoning module AlembicImporter (334)
[2018.04.27-18.37.04:117][266]LogModuleManager: Shutting down and abandoning module AlembicLibrary (333)
[2018.04.27-18.37.04:117][266]LogModuleManager: Shutting down and abandoning module GeometryCache (332)
[2018.04.27-18.37.04:117][266]LogModuleManager: Shutting down and abandoning module GeometryCacheEd (331)
[2018.04.27-18.37.04:117][266]LogModuleManager: Shutting down and abandoning module DatasmithContent (326)
[2018.04.27-18.37.04:117][266]LogModuleManager: Shutting down and abandoning module SpeedTreeImporter (324)
[2018.04.27-18.37.04:117][266]LogModuleManager: Shutting down and abandoning module PluginBrowser (322)
[2018.04.27-18.37.04:117][266]LogModuleManager: Shutting down and abandoning module MobileLauncherProfileWizard (320)
[2018.04.27-18.37.04:117][266]LogModuleManager: Shutting down and abandoning module CryptoKeysOpenSSL (318)
[2018.04.27-18.37.04:117][266]LogModuleManager: Shutting down and abandoning module CryptoKeys (316)
[2018.04.27-18.37.04:117][266]LogModuleManager: Shutting down and abandoning module VisualStudioSourceCodeAccess (314)
[2018.04.27-18.37.04:117][266]LogModuleManager: Shutting down and abandoning module VisualStudioCodeSourceCodeAccess (312)
[2018.04.27-18.37.04:117][266]LogModuleManager: Shutting down and abandoning module UObjectPlugin (310)
[2018.04.27-18.37.04:117][266]LogModuleManager: Shutting down and abandoning module SubversionSourceControl (308)
[2018.04.27-18.37.04:117][266]LogModuleManager: Shutting down and abandoning module PerforceSourceControl (306)
[2018.04.27-18.37.04:117][266]LogModuleManager: Shutting down and abandoning module GitSourceControl (304)
[2018.04.27-18.37.04:117][266]LogModuleManager: Shutting down and abandoning module SourceControl (303)
[2018.04.27-18.37.04:117][266]LogModuleManager: Shutting down and abandoning module CLionSourceCodeAccess (300)
[2018.04.27-18.37.04:117][266]LogModuleManager: Shutting down and abandoning module LightPropagationVolumeEditor (298)
[2018.04.27-18.37.04:117][266]LogModuleManager: Shutting down and abandoning module PaperTiledImporter (296)
[2018.04.27-18.37.04:117][266]LogModuleManager: Shutting down and abandoning module PaperSpriteSheetImporter (294)
[2018.04.27-18.37.04:117][266]LogModuleManager: Shutting down and abandoning module Paper2DEditor (292)
[2018.04.27-18.37.04:118][266]LogModuleManager: Shutting down and abandoning module MeshPaint (291)
[2018.04.27-18.37.04:118][266]LogModuleManager: Shutting down and abandoning module RuntimePhysXCooking (288)
[2018.04.27-18.37.04:118][266]LogModuleManager: Shutting down and abandoning module PhysXVehiclesEditor (286)
[2018.04.27-18.37.04:118][266]LogModuleManager: Shutting down and abandoning module PhysXVehicles (284)
[2018.04.27-18.37.04:118][266]LogModuleManager: Shutting down and abandoning module OculusEditor (282)
[2018.04.27-18.37.04:118][266]LogModuleManager: Shutting down and abandoning module LocationServicesBPLibrary (280)
[2018.04.27-18.37.04:118][266]LogModuleManager: Shutting down and abandoning module ImmediatePhysicsEditor (278)
[2018.04.27-18.37.04:118][266]LogModuleManager: Shutting down and abandoning module ImmediatePhysics (276)
[2018.04.27-18.37.04:118][266]LogModuleManager: Shutting down and abandoning module ActorSequence (274)
[2018.04.27-18.37.04:118][266]LogModuleManager: Shutting down and abandoning module UdpMessaging (272)
[2018.04.27-18.37.04:577][266]LogModuleManager: Shutting down and abandoning module TcpMessaging (270)
[2018.04.27-18.37.04:680][266]LogModuleManager: Shutting down and abandoning module GameplayTagsEditor (268)
[2018.04.27-18.37.04:680][266]LogModuleManager: Shutting down and abandoning module FacialAnimationEditor (266)
[2018.04.27-18.37.04:680][266]LogModuleManager: Shutting down and abandoning module FacialAnimation (264)
[2018.04.27-18.37.04:680][266]LogModuleManager: Shutting down and abandoning module DataValidation (262)
[2018.04.27-18.37.04:680][266]LogModuleManager: Shutting down and abandoning module AssetManagerEditor (260)
[2018.04.27-18.37.04:680][266]LogModuleManager: Shutting down and abandoning module LevelEditor (259)
[2018.04.27-18.37.04:681][266]LogModuleManager: Shutting down and abandoning module PixelInspectorModule (258)
[2018.04.27-18.37.04:681][266]LogModuleManager: Shutting down and abandoning module CommonMenuExtensions (256)
[2018.04.27-18.37.04:681][266]LogModuleManager: Shutting down and abandoning module MainFrame (254)
[2018.04.27-18.37.04:681][266]LogModuleManager: Shutting down and abandoning module HotReload (253)
[2018.04.27-18.37.04:682][266]LogModuleManager: Shutting down and abandoning module ContentBrowser (249)
[2018.04.27-18.37.04:683][266]LogModuleManager: Shutting down and abandoning module TreeMap (247)
[2018.04.27-18.37.04:683][266]LogModuleManager: Shutting down and abandoning module LightPropagationVolumeRuntime (244)
[2018.04.27-18.37.04:683][266]LogModuleManager: Shutting down and abandoning module LiveLinkEditor (242)
[2018.04.27-18.37.04:683][266]LogModuleManager: Shutting down and abandoning module LiveLink (240)
[2018.04.27-18.37.05:682][266]LogModuleManager: Shutting down and abandoning module Paper2D (238)
[2018.04.27-18.37.05:682][266]LogModuleManager: Shutting down and abandoning module WindowsMoviePlayer (236)
[2018.04.27-18.37.05:682][266]LogModuleManager: Shutting down and abandoning module WmfMedia (234)
[2018.04.27-18.37.05:683][266]LogModuleManager: Shutting down and abandoning module Media (233)
[2018.04.27-18.37.05:689][266]LogModuleManager: Shutting down and abandoning module PacketHandler (230)
[2018.04.27-18.37.05:689][266]LogModuleManager: Shutting down and abandoning module ClothingSystemEditor (228)
[2018.04.27-18.37.05:689][266]LogModuleManager: Shutting down and abandoning module ClothingSystemRuntime (226)
[2018.04.27-18.37.05:690][266]LogModuleManager: Shutting down and abandoning module MediaAssets (224)
[2018.04.27-18.37.05:690][266]LogModuleManager: Shutting down and abandoning module Overlay (222)
[2018.04.27-18.37.05:690][266]LogModuleManager: Shutting down and abandoning module OverlayEditor (221)
[2018.04.27-18.37.05:690][266]LogModuleManager: Shutting down and abandoning module VREditor (218)
[2018.04.27-18.37.05:690][266]LogModuleManager: Shutting down and abandoning module StringTableEditor (216)
[2018.04.27-18.37.05:690][266]LogModuleManager: Shutting down and abandoning module GameplayTasksEditor (214)
[2018.04.27-18.37.05:690][266]LogModuleManager: Shutting down and abandoning module BehaviorTreeEditor (212)
[2018.04.27-18.37.05:690][266]LogModuleManager: Shutting down and abandoning module FunctionalTesting (210)
[2018.04.27-18.37.05:690][266]LogModuleManager: Shutting down and abandoning module CollisionAnalyzer (208)
[2018.04.27-18.37.05:690][266]LogModuleManager: Shutting down and abandoning module WorkspaceMenuStructure (207)
[2018.04.27-18.37.05:690][266]LogModuleManager: Shutting down and abandoning module UMG (204)
[2018.04.27-18.37.05:690][266]LogModuleManager: Shutting down and abandoning module UMGEditor (203)
[2018.04.27-18.37.05:690][266]LogModuleManager: Shutting down and abandoning module Sequencer (202)
[2018.04.27-18.37.05:691][266]LogModuleManager: Shutting down and abandoning module MessageLog (199)
[2018.04.27-18.37.05:691][266]LogModuleManager: Shutting down and abandoning module SlateReflector (194)
[2018.04.27-18.37.05:691][266]LogModuleManager: Shutting down and abandoning module Slate (192)
[2018.04.27-18.37.05:691][266]LogModuleManager: Shutting down and abandoning module EditorStyle (190)
[2018.04.27-18.37.05:693][266]LogModuleManager: Shutting down and abandoning module MRMesh (188)
[2018.04.27-18.37.05:694][266]LogModuleManager: Shutting down and abandoning module SourceCodeAccess (186)
[2018.04.27-18.37.05:694][266]LogModuleManager: Shutting down and abandoning module HeadMountedDisplay (184)
[2018.04.27-18.37.05:694][266]LogModuleManager: Shutting down and abandoning module XAudio2 (182)
[2018.04.27-18.37.05:694][266]LogModuleManager: Shutting down and abandoning module Networking (180)
[2018.04.27-18.37.05:694][266]LogModuleManager: Shutting down and abandoning module Core (178)
[2018.04.27-18.37.05:694][266]LogModuleManager: Shutting down and abandoning module LevelSequence (176)
[2018.04.27-18.37.05:694][266]LogModuleManager: Shutting down and abandoning module KismetCompiler (174)
[2018.04.27-18.37.05:694][266]LogModuleManager: Shutting down and abandoning module MeshUtilities (172)
[2018.04.27-18.37.05:694][266]LogModuleManager: Shutting down and abandoning module MeshMergeUtilities (171)
[2018.04.27-18.37.05:694][266]LogModuleManager: Shutting down and abandoning module MeshReductionInterface (170)
[2018.04.27-18.37.05:694][266]LogModuleManager: Shutting down and abandoning module SimplygonSwarm (169)
[2018.04.27-18.37.05:694][266]LogModuleManager: Shutting down and abandoning module SimplygonMeshReduction (167)
[2018.04.27-18.37.05:694][266]LogModuleManager: Shutting down and abandoning module QuadricMeshReduction (165)
[2018.04.27-18.37.05:694][266]LogModuleManager: Shutting down and abandoning module MaterialBaking (161)
[2018.04.27-18.37.05:694][266]LogModuleManager: Shutting down and abandoning module DirectoryWatcher (157)
[2018.04.27-18.37.05:696][266]LogModuleManager: Shutting down and abandoning module DerivedDataCache (154)
[2018.04.27-18.37.06:082][266]LogDerivedDataCache: Shutdown
[2018.04.27-18.37.06:082][266]LogModuleManager: Shutting down and abandoning module XGEController (152)
[2018.04.27-18.37.06:082][266]LogModuleManager: Shutting down and abandoning module TargetPlatform (150)
[2018.04.27-18.37.06:082][266]LogModuleManager: Shutting down and abandoning module VulkanShaderFormat (149)
[2018.04.27-18.37.06:082][266]LogModuleManager: Shutting down and abandoning module ShaderFormatVectorVM (147)
[2018.04.27-18.37.06:082][266]LogModuleManager: Shutting down and abandoning module ShaderFormatOpenGL (145)
[2018.04.27-18.37.06:082][266]LogModuleManager: Shutting down and abandoning module ShaderFormatD3D (143)
[2018.04.27-18.37.06:082][266]LogModuleManager: Shutting down and abandoning module MetalShaderFormat (141)
[2018.04.27-18.37.06:082][266]LogModuleManager: Shutting down and abandoning module TextureFormatUncompressed (139)
[2018.04.27-18.37.06:082][266]LogModuleManager: Shutting down and abandoning module TextureFormatPVR (137)
[2018.04.27-18.37.06:082][266]LogModuleManager: Shutting down and abandoning module TextureFormatDXT (135)
[2018.04.27-18.37.06:082][266]LogModuleManager: Shutting down and abandoning module TextureFormatIntelISPCTexComp (133)
[2018.04.27-18.37.06:083][266]LogModuleManager: Shutting down and abandoning module TextureFormatASTC (131)
[2018.04.27-18.37.06:083][266]LogModuleManager: Shutting down and abandoning module ImageWrapper (130)
[2018.04.27-18.37.06:083][266]LogModuleManager: Shutting down and abandoning module TextureFormatAndroid (127)
[2018.04.27-18.37.06:083][266]LogModuleManager: Shutting down and abandoning module AudioFormatOpus (125)
[2018.04.27-18.37.06:083][266]LogModuleManager: Shutting down and abandoning module AudioFormatOgg (123)
[2018.04.27-18.37.06:083][266]LogModuleManager: Shutting down and abandoning module AudioFormatADPCM (121)
[2018.04.27-18.37.06:083][266]LogModuleManager: Shutting down and abandoning module LinuxTargetPlatform (119)
[2018.04.27-18.37.06:083][266]LogModuleManager: Shutting down and abandoning module LinuxServerTargetPlatform (117)
[2018.04.27-18.37.06:083][266]LogModuleManager: Shutting down and abandoning module LinuxNoEditorTargetPlatform (115)
[2018.04.27-18.37.06:083][266]LogModuleManager: Shutting down and abandoning module LinuxClientTargetPlatform (113)
[2018.04.27-18.37.06:083][266]LogModuleManager: Shutting down and abandoning module TVOSTargetPlatform (111)
[2018.04.27-18.37.06:083][266]LogModuleManager: Shutting down and abandoning module Messaging (109)
[2018.04.27-18.37.06:083][266]LogModuleManager: Shutting down and abandoning module IOSTargetPlatform (107)
[2018.04.27-18.37.06:083][266]LogModuleManager: Shutting down and abandoning module HTML5TargetPlatform (105)
[2018.04.27-18.37.06:083][266]LogModuleManager: Shutting down and abandoning module AndroidTargetPlatform (103)
[2018.04.27-18.37.06:083][266]LogModuleManager: Shutting down and abandoning module Android_PVRTCTargetPlatform (101)
[2018.04.27-18.37.06:083][266]LogModuleManager: Shutting down and abandoning module Android_MultiTargetPlatform (99)
[2018.04.27-18.37.06:083][266]LogModuleManager: Shutting down and abandoning module Android_ETC2TargetPlatform (97)
[2018.04.27-18.37.06:083][266]LogModuleManager: Shutting down and abandoning module Android_ETC1TargetPlatform (95)
[2018.04.27-18.37.06:083][266]LogModuleManager: Shutting down and abandoning module Android_ETC1aTargetPlatform (93)
[2018.04.27-18.37.06:083][266]LogModuleManager: Shutting down and abandoning module Android_DXTTargetPlatform (91)
[2018.04.27-18.37.06:083][266]LogModuleManager: Shutting down and abandoning module Android_ATCTargetPlatform (89)
[2018.04.27-18.37.06:083][266]LogModuleManager: Shutting down and abandoning module Android_ASTCTargetPlatform (87)
[2018.04.27-18.37.06:083][266]LogModuleManager: Shutting down and abandoning module WindowsTargetPlatform (85)
[2018.04.27-18.37.06:083][266]LogModuleManager: Shutting down and abandoning module WindowsServerTargetPlatform (83)
[2018.04.27-18.37.06:083][266]LogModuleManager: Shutting down and abandoning module WindowsNoEditorTargetPlatform (81)
[2018.04.27-18.37.06:083][266]LogModuleManager: Shutting down and abandoning module WindowsClientTargetPlatform (79)
[2018.04.27-18.37.06:083][266]LogModuleManager: Shutting down and abandoning module MacTargetPlatform (77)
[2018.04.27-18.37.06:083][266]LogModuleManager: Shutting down and abandoning module MacServerTargetPlatform (75)
[2018.04.27-18.37.06:083][266]LogModuleManager: Shutting down and abandoning module MacNoEditorTargetPlatform (73)
[2018.04.27-18.37.06:083][266]LogModuleManager: Shutting down and abandoning module MacClientTargetPlatform (71)
[2018.04.27-18.37.06:083][266]LogModuleManager: Shutting down and abandoning module AllDesktopTargetPlatform (69)
[2018.04.27-18.37.06:083][266]LogModuleManager: Shutting down and abandoning module InputCore (66)
[2018.04.27-18.37.06:083][266]LogModuleManager: Shutting down and abandoning module Settings (64)
[2018.04.27-18.37.06:083][266]LogModuleManager: Shutting down and abandoning module PhysXCooking (62)
[2018.04.27-18.37.06:084][266]LogModuleManager: Shutting down and abandoning module SteamVR (60)
[2018.04.27-18.37.06:084][266]LogModuleManager: Shutting down and abandoning module OculusHMD (58)
[2018.04.27-18.37.06:084][266]LogModuleManager: Shutting down and abandoning module ExampleDeviceProfileSelector (56)
[2018.04.27-18.37.06:084][266]LogModuleManager: Shutting down and abandoning module AppleARKit (54)
[2018.04.27-18.37.06:084][266]LogModuleManager: Shutting down and abandoning module AugmentedReality (51)
[2018.04.27-18.37.06:084][266]LogModuleManager: Shutting down and abandoning module OnlineBlueprintSupport (48)
[2018.04.27-18.37.06:084][266]LogModuleManager: Shutting down and abandoning module OnlineSubsystem (44)
[2018.04.27-18.37.06:084][266]LogModuleManager: Shutting down and abandoning module XMPP (43)
[2018.04.27-18.37.06:084][266]LogModuleManager: Shutting down and abandoning module HTTP (41)
[2018.04.27-18.37.06:084][266]LogHttp: Display: Http module shutting down, but needs to wait on 2 outstanding Http requests:
[2018.04.27-18.37.06:084][266]LogHttp: Display: 	verb=[POST] url=[https://datarouter.ol.epicgames.com/datarouter/api/v1/public/data?SessionID=%7BDDA5CB30-4E75-1F01-FC02-2E813DCABE61%7D&AppID=UEEditor.Rocket.Release&AppVersion=4.19.1-3989454%2B%2B%2BUE4%2BRelease-4.19&UserID=46ef0bc444d7941702e36492f7de965f%7Ceba24791eded4681a199a0bb90b38d72%7C88a569ad-3af1-40dc-a685-c2c38e034526&AppEnvironment=datacollector-binary&UploadType=eteventstream] status=Processing
[2018.04.27-18.37.06:084][266]LogHttp: Display: 	verb=[POST] url=[https://datarouter.ol.epicgames.com/datarouter/api/v1/public/data?SessionID=%7BDDA5CB30-4E75-1F01-FC02-2E813DCABE61%7D&AppID=UEEditor.Rocket.Release&AppVersion=4.19.1-3989454%2B%2B%2BUE4%2BRelease-4.19&UserID=46ef0bc444d7941702e36492f7de965f%7Ceba24791eded4681a199a0bb90b38d72%7C88a569ad-3af1-40dc-a685-c2c38e034526&AppEnvironment=datacollector-binary&UploadType=eteventstream] status=Processing
[2018.04.27-18.37.06:084][266]LogHttp: Display: Sleeping 0.5s to wait for 2 outstanding Http requests.
[2018.04.27-18.37.06:585][266]LogHttp: Display: Sleeping 0.5s to wait for 2 outstanding Http requests.
[2018.04.27-18.37.07:086][266]LogHttp: Display: Sleeping 0.5s to wait for 2 outstanding Http requests.
[2018.04.27-18.37.07:586][266]LogHttp: Display: Sleeping 0.5s to wait for 2 outstanding Http requests.
[2018.04.27-18.37.08:087][266]LogHttp: Display: Sleeping 0.5s to wait for 2 outstanding Http requests.
[2018.04.27-18.37.08:587][266]LogHttp: Display: Sleeping 0.5s to wait for 2 outstanding Http requests.
[2018.04.27-18.37.09:088][266]LogHttp: Display: Sleeping 0.5s to wait for 2 outstanding Http requests.
[2018.04.27-18.37.09:589][266]LogHttp: Display: Sleeping 0.5s to wait for 2 outstanding Http requests.
[2018.04.27-18.37.10:090][266]LogHttp: Display: Sleeping 0.5s to wait for 2 outstanding Http requests.
[2018.04.27-18.37.10:620][266]LogHttp: Display: Sleeping 0.5s to wait for 2 outstanding Http requests.
[2018.04.27-18.37.11:120][266]LogHttp: Display: Sleeping 0.5s to wait for 2 outstanding Http requests.
[2018.04.27-18.37.11:621][266]LogHttp: Display: Sleeping 0.5s to wait for 2 outstanding Http requests.
[2018.04.27-18.37.12:122][266]LogHttp: Display: Sleeping 0.5s to wait for 2 outstanding Http requests.
[2018.04.27-18.37.12:622][266]LogHttp: Display: Sleeping 0.5s to wait for 2 outstanding Http requests.
